Removed Pin From Net: NetName=VDD Pin=R3-2
Removed Pin From Net: NetName=GND Pin=U3-A2
Removed Member From Class: ClassName=ECE8873_sample Member=R3
Change Footprint: Cannot match pads with new footprint in component :J2 Footprint:FP-502585-0270-MFG
Change Footprint: Cannot match pads with new footprint in component :J3 Footprint:FP-502585-0270-MFG
Change Component Footprint: Designator=CA1 Old Footprint=CAPC1005X55X25LL05T10 New Footprint=CAPC1005X56X25ML10T15
Change Component Footprint: Designator=CB1 Old Footprint=CAPC1005X55X25LL05T10 New Footprint=CAPC1005X56X25ML10T15
Change Component Footprint: Designator=SW1 Old Footprint=ESWI-EG1218_V New Footprint=FP-CL-SB-12B-02T-MFG
Change Component Footprint: Designator=R1 Old Footprint=RESC1608X55N New Footprint=FP-TFCR0603-MFG
Change Component Footprint: Designator=R2 Old Footprint=RESC1608X55N New Footprint=FP-TFCR0603-MFG
Change Component Footprint: Designator=R5 Old Footprint=RESC1608X55X25ML10T15 New Footprint=FP-AC0603-IPC_A
Change Component Comment : Designator=J2 Old Comment=691415520002 New Comment=502585-0270
Change Component Comment : Designator=J3 Old Comment=691415520002 New Comment=502585-0270
Change Component Comment : Designator=R4 Old Comment=AC0603JR-7W10KL New Comment=10kO
Change Component Comment : Designator=R6 Old Comment=AC0603JR-7W10KL New Comment=10kO
Change Component Comment : Designator=CA1 Old Comment=Capacitor 1 uF +/- 10% 6.3 V 0402 New Comment=1 µF
Change Component Comment : Designator=CB1 Old Comment=Capacitor 1 uF +/- 10% 6.3 V 0402 New Comment=1 µF
Change Component Comment : Designator=SW1 Old Comment=EG1218 New Comment=CL-SB-12B-02T
Change Component Comment : Designator=R1 Old Comment=GWCR0603-4K7FT5 New Comment=4.7kO
Change Component Comment : Designator=R2 Old Comment=GWCR0603-4K7FT5 New Comment=4.7kO
Change Component Comment : Designator=R5 Old Comment=Resistor 10k +/-1% 0603 100 mW New Comment=10kO
Change Managed Component Library Link : Designator=J2 Old VaultGUID=B7D15EC3-160A-466F-A46C-7801FE6295A7 New VaultGUID=B7D15EC3-160A-466F-A46C-7801FE6295A7 Old ItemGUID=CA3A52BE-2B6D-4447-A27E-6590842FD126 New ItemGUID=F75B477F-59C9-41D5-8479-60EE992AF3A3 Old RevisionGUID=896A75F7-37BF-48D3-ADB7-FEF153B95254 New RevisionGUID=70BC0F01-980E-41B1-B5CA-5D8AA1279CA3
Change Managed Component Library Link : Designator=J3 Old VaultGUID=B7D15EC3-160A-466F-A46C-7801FE6295A7 New VaultGUID=B7D15EC3-160A-466F-A46C-7801FE6295A7 Old ItemGUID=CA3A52BE-2B6D-4447-A27E-6590842FD126 New ItemGUID=F75B477F-59C9-41D5-8479-60EE992AF3A3 Old RevisionGUID=896A75F7-37BF-48D3-ADB7-FEF153B95254 New RevisionGUID=70BC0F01-980E-41B1-B5CA-5D8AA1279CA3
Change Managed Component Library Link : Designator=SW1 Old VaultGUID=B7D15EC3-160A-466F-A46C-7801FE6295A7 New VaultGUID=B7D15EC3-160A-466F-A46C-7801FE6295A7 Old ItemGUID=107BB5E3-398F-4DEE-9B4F-6EA0D7487A76 New ItemGUID=75E5DEEB-DC45-40C0-8C80-29CB6AA6BF50 Old RevisionGUID=D97C5B47-6491-4721-B78E-E3E0CEB32BCA New RevisionGUID=F643E481-A9A2-4AA3-A33B-A1FED2879B22
Change Managed Component Library Link : Designator=CA1 Old VaultGUID=E0EAA80C-05E8-48AD-A697-3A65DB66E397 New VaultGUID=B7D15EC3-160A-466F-A46C-7801FE6295A7 Old ItemGUID=1441743C-5409-45DB-A94A-7C7A1F4B89B0 New ItemGUID=02BE3B08-5139-41F5-A232-B3D6C7590790 Old RevisionGUID=432BC5F9-085D-42CC-985B-095118A83F15 New RevisionGUID=BB8C2292-A404-4ABD-AF9B-5ECD8B523278
Change Managed Component Library Link : Designator=CB1 Old VaultGUID=E0EAA80C-05E8-48AD-A697-3A65DB66E397 New VaultGUID=B7D15EC3-160A-466F-A46C-7801FE6295A7 Old ItemGUID=1441743C-5409-45DB-A94A-7C7A1F4B89B0 New ItemGUID=02BE3B08-5139-41F5-A232-B3D6C7590790 Old RevisionGUID=432BC5F9-085D-42CC-985B-095118A83F15 New RevisionGUID=BB8C2292-A404-4ABD-AF9B-5ECD8B523278
Change Managed Component Library Link : Designator=R1 Old VaultGUID= New VaultGUID=B7D15EC3-160A-466F-A46C-7801FE6295A7 Old ItemGUID= New ItemGUID=0A7D1EE6-EF9C-4874-9072-C7440F53C3E3 Old RevisionGUID= New RevisionGUID=E68D69DB-063F-42F8-97D2-88155BCCA94C
Change Managed Component Library Link : Designator=R2 Old VaultGUID= New VaultGUID=B7D15EC3-160A-466F-A46C-7801FE6295A7 Old ItemGUID= New ItemGUID=0A7D1EE6-EF9C-4874-9072-C7440F53C3E3 Old RevisionGUID= New RevisionGUID=E68D69DB-063F-42F8-97D2-88155BCCA94C
Change Managed Component Library Link : Designator=R5 Old VaultGUID=DFB16FC4-D745-4543-AC9B-F1307EC3457F New VaultGUID=B7D15EC3-160A-466F-A46C-7801FE6295A7 Old ItemGUID=2F5FF649-2D6F-43B8-A5FE-8EA6895D4F77 New ItemGUID=8FC56757-B880-4324-B016-FCCE0F34A47B Old RevisionGUID=4D8CD45F-3090-47A4-A3D0-F1C3E0AF83A3 New RevisionGUID=8C173067-2842-4FDD-90FA-5D19C8D9300C
Change component parameters: Designator = "CA1" ("CA1"); Footprint = "CAPC1005X55X25LL05T10"; UniqueID = "\LRCGXTZC" ("\LRCGXTZC")
Change component parameters (AddParameter): Name = "Manufacturer"; Value = "AVX Interconnect / Elco"; VariantName = "[No Variations]"
Change component parameters (AddParameter): Name = "Part Number"; Value = "04026D105KAT4A"; VariantName = "[No Variations]"
Change component parameters: Designator = "CB1" ("CB1"); Footprint = "CAPC1005X55X25LL05T10"; UniqueID = "\XYVBBVYW" ("\XYVBBVYW")
Change component parameters (AddParameter): Name = "Manufacturer"; Value = "AVX Interconnect / Elco"; VariantName = "[No Variations]"
Change component parameters (AddParameter): Name = "Part Number"; Value = "04026D105KAT4A"; VariantName = "[No Variations]"
Change component parameters: Designator = "J2" ("J2"); Footprint = "691415520002"; UniqueID = "\YWQHFVUH" ("\YWQHFVUH")
Change component parameters: Designator = "J3" ("J3"); Footprint = "691415520002"; UniqueID = "\IPFUPZHC" ("\IPFUPZHC")
Change component parameters: Designator = "R1" ("R1"); Footprint = "RESC1608X55N"; UniqueID = "\DVAFKIVM" ("\DVAFKIVM")
Change component parameters: Designator = "R2" ("R2"); Footprint = "RESC1608X55N"; UniqueID = "\OMDPJUMA" ("\OMDPJUMA")
Change component parameters: Designator = "R5" ("R5"); Footprint = "RESC1608X55X25ML10T15"; UniqueID = "\FUGCQZZK" ("\FUGCQZZK")
Change component parameters: Designator = "SW1" ("SW1"); Footprint = "ESWI-EG1218_V"; UniqueID = "\ZXWKFCVE" ("\ZXWKFCVE")
Change component parameters (AddParameter): Name = "Actuator Length"; Value = "2mm"; VariantName = "[No Variations]"
Change component parameters (AddParameter): Name = "Actuator Material"; Value = "Nylon"; VariantName = "[No Variations]"
Change component parameters (AddParameter): Name = "Actuator Type"; Value = "Standard"; VariantName = "[No Variations]"
Change component parameters (AddParameter): Name = "Contact Material"; Value = "Copper"; VariantName = "[No Variations]"
Change component parameters (AddParameter): Name = "Contact Plating"; Value = "Gold"; VariantName = "[No Variations]"
Change component parameters (AddParameter): Name = "Contact Style"; Value = "Non-Shorting"; VariantName = "[No Variations]"
Change component parameters (AddParameter): Name = "Current Rating"; Value = "200mA"; VariantName = "[No Variations]"
Change component parameters (AddParameter): Name = "Electrical Life"; Value = "10000Cycles"; VariantName = "[No Variations]"
Change component parameters (AddParameter): Name = "Max Operating Temperature"; Value = "85°C"; VariantName = "[No Variations]"
Change component parameters (AddParameter): Name = "Min Operating Temperature"; Value = "-40°C"; VariantName = "[No Variations]"
Change component parameters (AddParameter): Name = "Mount"; Value = "Surface Mount"; VariantName = "[No Variations]"
Change component parameters (AddParameter): Name = "Operating Force"; Value = "153gf"; VariantName = "[No Variations]"
Change component parameters (AddParameter): Name = "Packaging"; Value = "Cut Tape"; VariantName = "[No Variations]"
Change component parameters (AddParameter): Name = "RoHS Compliant"; Value = "Yes"; VariantName = "[No Variations]"
Change component parameters (AddParameter): Name = "Series"; Value = "CL-SB"; VariantName = "[No Variations]"
Change component parameters (AddParameter): Name = "Switch Function"; Value = "On-On"; VariantName = "[No Variations]"
Change component parameters (AddParameter): Name = "Switch Travel"; Value = "2mm"; VariantName = "[No Variations]"
Change component parameters (AddParameter): Name = "Termination"; Value = "Gull Wing"; VariantName = "[No Variations]"
Change component parameters (AddParameter): Name = "Throw Configuration"; Value = "SPDT"; VariantName = "[No Variations]"
Change component parameters (AddParameter): Name = "Voltage Rating (DC)"; Value = "12V"; VariantName = "[No Variations]"
Added Component: Designator=C1(FP-0402-L_1_0_1-W_0_5_0_1-MFG)
Add component (AddParameter): Name = "Capacitance"; Value = "10nF"; VariantName = "[No Variations]"
Add component (AddParameter): Name = "Case/Package"; Value = "0402"; VariantName = "[No Variations]"
Add component (AddParameter): Name = "Max Operating Temperature"; Value = "125°C"; VariantName = "[No Variations]"
Add component (AddParameter): Name = "Min Operating Temperature"; Value = "-55°C"; VariantName = "[No Variations]"
Add component (AddParameter): Name = "Mount"; Value = "Surface Mount"; VariantName = "[No Variations]"
Add component (AddParameter): Name = "Packaging"; Value = "Cut Tape"; VariantName = "[No Variations]"
Add component (AddParameter): Name = "Ratings"; Value = "AEC-Q200"; VariantName = "[No Variations]"
Add component (AddParameter): Name = "RoHS Compliant"; Value = "Yes"; VariantName = "[No Variations]"
Add component (AddParameter): Name = "Tolerance"; Value = "10%"; VariantName = "[No Variations]"
Add component (AddParameter): Name = "Voltage Rating"; Value = "16V"; VariantName = "[No Variations]"
Added Component: Designator=C2(CAPC0402(1005)60_L)
Add component (AddParameter): Name = "Case-EIA"; Value = "0402"; VariantName = "[No Variations]"
Add component (AddParameter): Name = "Case-Metric"; Value = "1005"; VariantName = "[No Variations]"
Add component (AddParameter): Name = "Max Thickness"; Value = "0.6 mm"; VariantName = "[No Variations]"
Add component (AddParameter): Name = "Rated Voltage"; Value = "25 V"; VariantName = "[No Variations]"
Add component (AddParameter): Name = "Technology"; Value = "SMT"; VariantName = "[No Variations]"
Add component (AddParameter): Name = "Tolerance"; Value = "Â±20%"; VariantName = "[No Variations]"
Add component (AddParameter): Name = "Value"; Value = "100nF"; VariantName = "[No Variations]"
Added Component: Designator=C3(CAPC0402(1005)60_L)
Add component (AddParameter): Name = "Case-EIA"; Value = "0402"; VariantName = "[No Variations]"
Add component (AddParameter): Name = "Case-Metric"; Value = "1005"; VariantName = "[No Variations]"
Add component (AddParameter): Name = "Max Thickness"; Value = "0.6 mm"; VariantName = "[No Variations]"
Add component (AddParameter): Name = "Rated Voltage"; Value = "25 V"; VariantName = "[No Variations]"
Add component (AddParameter): Name = "Technology"; Value = "SMT"; VariantName = "[No Variations]"
Add component (AddParameter): Name = "Tolerance"; Value = "Â±20%"; VariantName = "[No Variations]"
Add component (AddParameter): Name = "Value"; Value = "100nF"; VariantName = "[No Variations]"
Added Component: Designator=C4(CAPC0402(1005)60_L)
Add component (AddParameter): Name = "Case-EIA"; Value = "0402"; VariantName = "[No Variations]"
Add component (AddParameter): Name = "Case-Metric"; Value = "1005"; VariantName = "[No Variations]"
Add component (AddParameter): Name = "Max Thickness"; Value = "0.6 mm"; VariantName = "[No Variations]"
Add component (AddParameter): Name = "Rated Voltage"; Value = "25 V"; VariantName = "[No Variations]"
Add component (AddParameter): Name = "Technology"; Value = "SMT"; VariantName = "[No Variations]"
Add component (AddParameter): Name = "Tolerance"; Value = "Â±20%"; VariantName = "[No Variations]"
Add component (AddParameter): Name = "Value"; Value = "100nF"; VariantName = "[No Variations]"
Added Component: Designator=C5(CAPC0402(1005)60_L)
Add component (AddParameter): Name = "Case-EIA"; Value = "0402"; VariantName = "[No Variations]"
Add component (AddParameter): Name = "Case-Metric"; Value = "1005"; VariantName = "[No Variations]"
Add component (AddParameter): Name = "Max Thickness"; Value = "0.6 mm"; VariantName = "[No Variations]"
Add component (AddParameter): Name = "Rated Voltage"; Value = "25 V"; VariantName = "[No Variations]"
Add component (AddParameter): Name = "Technology"; Value = "SMT"; VariantName = "[No Variations]"
Add component (AddParameter): Name = "Tolerance"; Value = "Â±20%"; VariantName = "[No Variations]"
Add component (AddParameter): Name = "Value"; Value = "100nF"; VariantName = "[No Variations]"
Added Component: Designator=C6(CAPC0402(1005)60_L)
Add component (AddParameter): Name = "Case-EIA"; Value = "0402"; VariantName = "[No Variations]"
Add component (AddParameter): Name = "Case-Metric"; Value = "1005"; VariantName = "[No Variations]"
Add component (AddParameter): Name = "Max Thickness"; Value = "0.6 mm"; VariantName = "[No Variations]"
Add component (AddParameter): Name = "Rated Voltage"; Value = "25 V"; VariantName = "[No Variations]"
Add component (AddParameter): Name = "Technology"; Value = "SMT"; VariantName = "[No Variations]"
Add component (AddParameter): Name = "Tolerance"; Value = "Â±20%"; VariantName = "[No Variations]"
Add component (AddParameter): Name = "Value"; Value = "100nF"; VariantName = "[No Variations]"
Added Component: Designator=FB1(FP-MMZ1005-IPC_C)
Add component (AddParameter): Name = "Case Code (Imperial)"; Value = "0402"; VariantName = "[No Variations]"
Add component (AddParameter): Name = "Case Code (Metric)"; Value = "1005"; VariantName = "[No Variations]"
Add component (AddParameter): Name = "Case/Package"; Value = "0402"; VariantName = "[No Variations]"
Add component (AddParameter): Name = "DC Resistance (DCR)"; Value = "220mR"; VariantName = "[No Variations]"
Add component (AddParameter): Name = "Height"; Value = "0.022inch"; VariantName = "[No Variations]"
Add component (AddParameter): Name = "Impedance"; Value = "120R"; VariantName = "[No Variations]"
Add component (AddParameter): Name = "Length"; Value = "0.039inch"; VariantName = "[No Variations]"
Add component (AddParameter): Name = "Max Current Rating"; Value = "500mA"; VariantName = "[No Variations]"
Add component (AddParameter): Name = "Max DC Current"; Value = "500mA"; VariantName = "[No Variations]"
Add component (AddParameter): Name = "Max Operating Temperature"; Value = "125°C"; VariantName = "[No Variations]"
Add component (AddParameter): Name = "Min Operating Temperature"; Value = "-55°C"; VariantName = "[No Variations]"
Add component (AddParameter): Name = "Mount"; Value = "Surface Mount"; VariantName = "[No Variations]"
Add component (AddParameter): Name = "Number of Lines"; Value = "1"; VariantName = "[No Variations]"
Add component (AddParameter): Name = "Package Quantity"; Value = "10000"; VariantName = "[No Variations]"
Add component (AddParameter): Name = "Packaging"; Value = "Tape and Reel"; VariantName = "[No Variations]"
Add component (AddParameter): Name = "Ratings"; Value = "AEC-Q200"; VariantName = "[No Variations]"
Add component (AddParameter): Name = "RoHS Compliant"; Value = "Yes"; VariantName = "[No Variations]"
Add component (AddParameter): Name = "Termination"; Value = "SMD/SMT"; VariantName = "[No Variations]"
Add component (AddParameter): Name = "Test Frequency"; Value = "100MHz"; VariantName = "[No Variations]"
Add component (AddParameter): Name = "Tolerance"; Value = "25%"; VariantName = "[No Variations]"
Add component (AddParameter): Name = "Weight"; Value = "2.3E-05oz"; VariantName = "[No Variations]"
Add component (AddParameter): Name = "Width"; Value = "0.02inch"; VariantName = "[No Variations]"
Added Component: Designator=FB2(FP-MMZ1005-IPC_C)
Add component (AddParameter): Name = "Case Code (Imperial)"; Value = "0402"; VariantName = "[No Variations]"
Add component (AddParameter): Name = "Case Code (Metric)"; Value = "1005"; VariantName = "[No Variations]"
Add component (AddParameter): Name = "Case/Package"; Value = "0402"; VariantName = "[No Variations]"
Add component (AddParameter): Name = "DC Resistance (DCR)"; Value = "220mR"; VariantName = "[No Variations]"
Add component (AddParameter): Name = "Height"; Value = "0.022inch"; VariantName = "[No Variations]"
Add component (AddParameter): Name = "Impedance"; Value = "120R"; VariantName = "[No Variations]"
Add component (AddParameter): Name = "Length"; Value = "0.039inch"; VariantName = "[No Variations]"
Add component (AddParameter): Name = "Max Current Rating"; Value = "500mA"; VariantName = "[No Variations]"
Add component (AddParameter): Name = "Max DC Current"; Value = "500mA"; VariantName = "[No Variations]"
Add component (AddParameter): Name = "Max Operating Temperature"; Value = "125°C"; VariantName = "[No Variations]"
Add component (AddParameter): Name = "Min Operating Temperature"; Value = "-55°C"; VariantName = "[No Variations]"
Add component (AddParameter): Name = "Mount"; Value = "Surface Mount"; VariantName = "[No Variations]"
Add component (AddParameter): Name = "Number of Lines"; Value = "1"; VariantName = "[No Variations]"
Add component (AddParameter): Name = "Package Quantity"; Value = "10000"; VariantName = "[No Variations]"
Add component (AddParameter): Name = "Packaging"; Value = "Tape and Reel"; VariantName = "[No Variations]"
Add component (AddParameter): Name = "Ratings"; Value = "AEC-Q200"; VariantName = "[No Variations]"
Add component (AddParameter): Name = "RoHS Compliant"; Value = "Yes"; VariantName = "[No Variations]"
Add component (AddParameter): Name = "Termination"; Value = "SMD/SMT"; VariantName = "[No Variations]"
Add component (AddParameter): Name = "Test Frequency"; Value = "100MHz"; VariantName = "[No Variations]"
Add component (AddParameter): Name = "Tolerance"; Value = "25%"; VariantName = "[No Variations]"
Add component (AddParameter): Name = "Weight"; Value = "2.3E-05oz"; VariantName = "[No Variations]"
Add component (AddParameter): Name = "Width"; Value = "0.02inch"; VariantName = "[No Variations]"
Added Component: Designator=FB3(FP-MMZ1005-IPC_C)
Add component (AddParameter): Name = "Case Code (Imperial)"; Value = "0402"; VariantName = "[No Variations]"
Add component (AddParameter): Name = "Case Code (Metric)"; Value = "1005"; VariantName = "[No Variations]"
Add component (AddParameter): Name = "Case/Package"; Value = "0402"; VariantName = "[No Variations]"
Add component (AddParameter): Name = "DC Resistance (DCR)"; Value = "220mR"; VariantName = "[No Variations]"
Add component (AddParameter): Name = "Height"; Value = "0.022inch"; VariantName = "[No Variations]"
Add component (AddParameter): Name = "Impedance"; Value = "120R"; VariantName = "[No Variations]"
Add component (AddParameter): Name = "Length"; Value = "0.039inch"; VariantName = "[No Variations]"
Add component (AddParameter): Name = "Max Current Rating"; Value = "500mA"; VariantName = "[No Variations]"
Add component (AddParameter): Name = "Max DC Current"; Value = "500mA"; VariantName = "[No Variations]"
Add component (AddParameter): Name = "Max Operating Temperature"; Value = "125°C"; VariantName = "[No Variations]"
Add component (AddParameter): Name = "Min Operating Temperature"; Value = "-55°C"; VariantName = "[No Variations]"
Add component (AddParameter): Name = "Mount"; Value = "Surface Mount"; VariantName = "[No Variations]"
Add component (AddParameter): Name = "Number of Lines"; Value = "1"; VariantName = "[No Variations]"
Add component (AddParameter): Name = "Package Quantity"; Value = "10000"; VariantName = "[No Variations]"
Add component (AddParameter): Name = "Packaging"; Value = "Tape and Reel"; VariantName = "[No Variations]"
Add component (AddParameter): Name = "Ratings"; Value = "AEC-Q200"; VariantName = "[No Variations]"
Add component (AddParameter): Name = "RoHS Compliant"; Value = "Yes"; VariantName = "[No Variations]"
Add component (AddParameter): Name = "Termination"; Value = "SMD/SMT"; VariantName = "[No Variations]"
Add component (AddParameter): Name = "Test Frequency"; Value = "100MHz"; VariantName = "[No Variations]"
Add component (AddParameter): Name = "Tolerance"; Value = "25%"; VariantName = "[No Variations]"
Add component (AddParameter): Name = "Weight"; Value = "2.3E-05oz"; VariantName = "[No Variations]"
Add component (AddParameter): Name = "Width"; Value = "0.02inch"; VariantName = "[No Variations]"
Added Component: Designator=SW2(FP-B3U-1000P-B-MFG)
Add component (AddParameter): Name = "Ambient Temperature Range High"; Value = "+70°C"; VariantName = "[No Variations]"
Add component (AddParameter): Name = "Ambient Temperature Range Low"; Value = "-25°C"; VariantName = "[No Variations]"
Add component (AddParameter): Name = "Automotive"; Value = "No"; VariantName = "[No Variations]"
Add component (AddParameter): Name = "Category"; Value = "Switch"; VariantName = "[No Variations]"
Add component (AddParameter): Name = "ComponentLink2Description"; Value = "Datasheet"; VariantName = "[No Variations]"
Add component (AddParameter): Name = "ComponentLink2URL"; Value = "https://omronfs.omron.com/en_US/ecb/products/pdf/en-b3u.pdf"; VariantName = "[No Variations]"
Add component (AddParameter): Name = "Contact Current Rating"; Value = "50mA"; VariantName = "[No Variations]"
Add component (AddParameter): Name = "Contact Resistance"; Value = "100mO"; VariantName = "[No Variations]"
Add component (AddParameter): Name = "Device Class L1"; Value = "Electromechanical"; VariantName = "[No Variations]"
Add component (AddParameter): Name = "Device Class L2"; Value = "Switches"; VariantName = "[No Variations]"
Add component (AddParameter): Name = "Device Class L3"; Value = "Tactile Switches"; VariantName = "[No Variations]"
Add component (AddParameter): Name = "Digikey Description"; Value = "SWITCH TACTILE SPST-NO 0.05A 12V"; VariantName = "[No Variations]"
Add component (AddParameter): Name = "Electromechanical Life"; Value = "200000Cycles"; VariantName = "[No Variations]"
Add component (AddParameter): Name = "Height"; Value = "1.75mm"; VariantName = "[No Variations]"
Add component (AddParameter): Name = "Lead Free"; Value = "Yes"; VariantName = "[No Variations]"
Add component (AddParameter): Name = "Manufacturer"; Value = "Omron"; VariantName = "[No Variations]"
Add component (AddParameter): Name = "Manufacturer Part Number"; Value = "B3U-1000P-B"; VariantName = "[No Variations]"
Add component (AddParameter): Name = "Mount"; Value = "Surface Mount"; VariantName = "[No Variations]"
Add component (AddParameter): Name = "Mouser Description"; Value = "Tactile Switches Top Actuated with boss w/o ground"; VariantName = "[No Variations]"
Add component (AddParameter): Name = "Octopart"; Value = "https://octopart.com/b3u-1000p-b-omron-1057356"; VariantName = "[No Variations]"
Add component (AddParameter): Name = "Operating Force"; Value = "1.5N"; VariantName = "[No Variations]"
Add component (AddParameter): Name = "Package"; Value = "0"; VariantName = "[No Variations]"
Add component (AddParameter): Name = "RoHS"; Value = "TRUE"; VariantName = "[No Variations]"
Add component (AddParameter): Name = "Temperature"; Value = "-25°C to +70°C"; VariantName = "[No Variations]"
Add component (AddParameter): Name = "Temperature Range High"; Value = "+70°C"; VariantName = "[No Variations]"
Add component (AddParameter): Name = "Temperature Range Low"; Value = "-25°C"; VariantName = "[No Variations]"
Add component (AddParameter): Name = "Throw Configuration"; Value = "SPST-NO"; VariantName = "[No Variations]"
Add component (AddParameter): Name = "Voltage Rating Dc"; Value = "12V"; VariantName = "[No Variations]"
Added Component: Designator=U4(DSG0008A)
Add component (AddParameter): Name = "Copyright"; Value = "Copyright (C) 2025 Ultra Librarian. All rights reserved."; VariantName = "[No Variations]"
Add component (AddParameter): Name = "Datasheet"; Value = "https://www.ti.com/lit/gpn/drv8837"; VariantName = "[No Variations]"
Add component (AddParameter): Name = "Design Item ID"; Value = "DRV8837DSGR"; VariantName = "[No Variations]"
Add component (AddParameter): Name = "Manufacturer_Name"; Value = "Texas Instruments"; VariantName = "[No Variations]"
Add component (AddParameter): Name = "Manufacturer_Part_Number"; Value = "DRV8837DSGR"; VariantName = "[No Variations]"
Add component (AddParameter): Name = "RefDes"; Value = "RefDes"; VariantName = "[No Variations]"
Add component (AddParameter): Name = "Source"; Value = "DRV8837DSGR.SchLib"; VariantName = "[No Variations]"
Add component (AddParameter): Name = "TYPE"; Value = "TYPE"; VariantName = "[No Variations]"
Added Pin To Net: NetName=NetC1_1 Pin=C1-1
Added Pin To Net: NetName=GND Pin=C1-2
Added Pin To Net: NetName=GND Pin=C2-1
Added Pin To Net: NetName=VBUS Pin=C2-2
Added Pin To Net: NetName=GND Pin=C3-1
Added Pin To Net: NetName=NetC3_2 Pin=C3-2
Added Pin To Net: NetName=GND Pin=C4-1
Added Pin To Net: NetName=VDD Pin=C4-2
Added Pin To Net: NetName=GND Pin=C5-1
Added Pin To Net: NetName=VDD Pin=C5-2
Added Pin To Net: NetName=GND Pin=C6-1
Added Pin To Net: NetName=VBAT1 Pin=C6-2
Added Pin To Net: NetName=NetC1_1 Pin=FB1-1
Added Pin To Net: NetName=VBUS Pin=FB1-2
Added Pin To Net: NetName=NetFB2_1 Pin=FB2-1
Added Pin To Net: NetName=GND Pin=FB2-2
Added Pin To Net: NetName=NetC3_2 Pin=FB3-1
Added Pin To Net: NetName=GND Pin=FB3-2
Added Pin To Net: NetName=BOOT/RESET Pin=SW2-1
Added Pin To Net: NetName=GND Pin=SW2-2
Added Pin To Net: NetName=GND Pin=U2-1
Added Pin To Net: NetName=VDD Pin=U2-5
Added Pin To Net: NetName=GND Pin=U2-6
Added Pin To Net: NetName=SCL Pin=U2-13
Added Pin To Net: NetName=SDA Pin=U2-14
Added Pin To Net: NetName=VBUS Pin=U3-A2
Added Pin To Net: NetName=VBAT1 Pin=U4-1
Added Pin To Net: NetName=GND Pin=U4-4
Added Pin To Net: NetName=VDD Pin=U4-8
Added Pin To Net: NetName=GND Pin=U4-9
Added Pin To Net: NetName=OUT1 Pin=U4-2
Added Net: Name=OUT1
Added Pin To Net: NetName=OUT2 Pin=U4-3
Added Net: Name=OUT2
Added Pin To Net: NetName=P1.11 Pin=U3-E5
Added Pin To Net: NetName=P1.11 Pin=U4-6
Added Net: Name=P1.11
Added Pin To Net: NetName=P1.12 Pin=U3-E4
Added Pin To Net: NetName=P1.12 Pin=U4-5
Added Net: Name=P1.12
Added Member To Class: ClassName=ECE8873_sample Member=Component C1 10nF
Added Member To Class: ClassName=ECE8873_sample Member=Component C2 100nF
Added Member To Class: ClassName=ECE8873_sample Member=Component C3 100nF
Added Member To Class: ClassName=ECE8873_sample Member=Component C4 CAP 100nF 25V 0402(1005)
Added Member To Class: ClassName=ECE8873_sample Member=Component C5 100nF
Added Member To Class: ClassName=ECE8873_sample Member=Component C6 100nF
Added Member To Class: ClassName=ECE8873_sample Member=Component FB1 120O @ 100MHz
Added Member To Class: ClassName=ECE8873_sample Member=Component FB2 120O @ 100MHz
Added Member To Class: ClassName=ECE8873_sample Member=Component FB3 120O @ 100MHz
Added Member To Class: ClassName=ECE8873_sample Member=Component SW2 B3U-1000P-B
Added Member To Class: ClassName=ECE8873_sample Member=Component U4 DRV8837DSGR
