Removed Pin From Net: NetName=VBAT1 Pin=J1-1
Removed Pin From Net: NetName=GND Pin=J1-2
Change Component Footprint: Designator=J1 Old Footprint=FP-B2B-PH-K_LF_SN-MFG New Footprint=FCI-10104110-0001LF_V
Change Component Comment : Designator=J1 Old Comment=B2B-PH-K(LF)(SN) New Comment=10104110-0001LF
Change Component Designator: OldDesignator=J1 NewDesignator=J?
Change Component Designator: OldDesignator=U3A NewDesignator=U1
Change Managed Component Library Link : Designator=J? Old VaultGUID=B7D15EC3-160A-466F-A46C-7801FE6295A7 New VaultGUID=B7D15EC3-160A-466F-A46C-7801FE6295A7 Old ItemGUID=63EFF36C-72FC-4C5F-966F-25ECD46FDF13 New ItemGUID=BF1E3892-5DF9-41B7-8726-BEF815420284 Old RevisionGUID=9CDD8443-AC53-4D67-9274-AC5DD99AD627 New RevisionGUID=0DAE7C41-F819-4B65-B43E-B25DE1B1B6AE
Change component parameters: Designator = "J1" ("J?"); Footprint = "FP-B2B-PH-K_LF_SN-MFG"; UniqueID = "\RCEPQMJF" ("\RCEPQMJF")
Change component parameters (AddParameter): Name = "Connector Mounting"; Value = "PCB"; VariantName = "[No Variations]"
Change component parameters (AddParameter): Name = "Connector Type"; Value = "USBMicroB"; VariantName = "[No Variations]"
Change component parameters (AddParameter): Name = "Contact Plating"; Value = "Gold"; VariantName = "[No Variations]"
Change component parameters (AddParameter): Name = "Contact Termination"; Value = "SurfaceMountRightAngle"; VariantName = "[No Variations]"
Change component parameters (AddParameter): Name = "Datasheet URL"; Value = "http://portal.fciconnect.com/Comergent//fci/drawing/10104110.pdf"; VariantName = "[No Variations]"
Change component parameters (AddParameter): Name = "Datasheet Version"; Value = "Rev. C, 03/2011"; VariantName = "[No Variations]"
Change component parameters (AddParameter): Name = "Gender"; Value = "Receptacle"; VariantName = "[No Variations]"
Change component parameters (AddParameter): Name = "Manufacturer"; Value = "FCI Electronics"; VariantName = "[No Variations]"
Change component parameters (AddParameter): Name = "Manufacturer URL"; Value = "http://portal.fciconnect.com/"; VariantName = "[No Variations]"
Change component parameters (AddParameter): Name = "Mounting Technology"; Value = "SurfaceMount"; VariantName = "[No Variations]"
Change component parameters (AddParameter): Name = "No. of Contacts"; Value = "5"; VariantName = "[No Variations]"
Change component parameters (AddParameter): Name = "Package Description"; Value = "5-Pin Surface Mount Device, Body 8.06 x 5.6 mm, Pitch 0.65 mm"; VariantName = "[No Variations]"
Change component parameters (AddParameter): Name = "Package Reference"; Value = "10104110-0001LF"; VariantName = "[No Variations]"
Add component: Footprint Not Found CAPC0603X03L_C
Add component: Footprint Not Found CAPC0603X03L_C
Add component: Footprint Not Found CAPC0603X03L_C
Add component: Footprint Not Found INDC1005X04L
Add component: Footprint Not Found INDC1005X04L
Add component: Footprint Not Found INDC1005X04L
Added Component: Designator=J?(691415520002)
Add component (AddParameter): Name = "Contact Material"; Value = "Nickel, Tin"; VariantName = "[No Variations]"
Add component (AddParameter): Name = "Current Rating"; Value = "10A"; VariantName = "[No Variations]"
Add component (AddParameter): Name = "Height"; Value = "13.1mm"; VariantName = "[No Variations]"
Add component (AddParameter): Name = "Max Operating Temperature"; Value = "120°C"; VariantName = "[No Variations]"
Add component (AddParameter): Name = "Min Operating Temperature"; Value = "-30°C"; VariantName = "[No Variations]"
Add component (AddParameter): Name = "NexarPartId"; Value = "105951365"; VariantName = "[No Variations]"
Add component (AddParameter): Name = "Number of Contacts"; Value = "2"; VariantName = "[No Variations]"
Add component (AddParameter): Name = "Number of Rows"; Value = "1"; VariantName = "[No Variations]"
Add component (AddParameter): Name = "Voltage Rating"; Value = "300V"; VariantName = "[No Variations]"
Added Component: Designator=J?(691415520002)
Add component (AddParameter): Name = "Contact Material"; Value = "Nickel, Tin"; VariantName = "[No Variations]"
Add component (AddParameter): Name = "Current Rating"; Value = "10A"; VariantName = "[No Variations]"
Add component (AddParameter): Name = "Height"; Value = "13.1mm"; VariantName = "[No Variations]"
Add component (AddParameter): Name = "Max Operating Temperature"; Value = "120°C"; VariantName = "[No Variations]"
Add component (AddParameter): Name = "Min Operating Temperature"; Value = "-30°C"; VariantName = "[No Variations]"
Add component (AddParameter): Name = "NexarPartId"; Value = "105951365"; VariantName = "[No Variations]"
Add component (AddParameter): Name = "Number of Contacts"; Value = "2"; VariantName = "[No Variations]"
Add component (AddParameter): Name = "Number of Rows"; Value = "1"; VariantName = "[No Variations]"
Add component (AddParameter): Name = "Voltage Rating"; Value = "300V"; VariantName = "[No Variations]"
Added Component: Designator=J?(691415520002)
Add component (AddParameter): Name = "Contact Material"; Value = "Nickel, Tin"; VariantName = "[No Variations]"
Add component (AddParameter): Name = "Current Rating"; Value = "10A"; VariantName = "[No Variations]"
Add component (AddParameter): Name = "Height"; Value = "13.1mm"; VariantName = "[No Variations]"
Add component (AddParameter): Name = "Max Operating Temperature"; Value = "120°C"; VariantName = "[No Variations]"
Add component (AddParameter): Name = "Min Operating Temperature"; Value = "-30°C"; VariantName = "[No Variations]"
Add component (AddParameter): Name = "NexarPartId"; Value = "105951365"; VariantName = "[No Variations]"
Add component (AddParameter): Name = "Number of Contacts"; Value = "2"; VariantName = "[No Variations]"
Add component (AddParameter): Name = "Number of Rows"; Value = "1"; VariantName = "[No Variations]"
Add component (AddParameter): Name = "Voltage Rating"; Value = "300V"; VariantName = "[No Variations]"
Added Component: Designator=R?(RESC6332X70N)
Add component (AddParameter): Name = "Arrow Part Number"; Value = ""; VariantName = "[No Variations]"
Add component (AddParameter): Name = "Arrow Price/Stock"; Value = ""; VariantName = "[No Variations]"
Add component (AddParameter): Name = "Datasheet Link"; Value = "https://www.bourns.com/docs/product-datasheets/crxxxxa.pdf"; VariantName = "[No Variations]"
Add component (AddParameter): Name = "Height"; Value = "0.7mm"; VariantName = "[No Variations]"
Add component (AddParameter): Name = "Manufacturer_Name"; Value = "Bourns"; VariantName = "[No Variations]"
Add component (AddParameter): Name = "Manufacturer_Part_Number"; Value = "CR2512AJW-103ELF"; VariantName = "[No Variations]"
Add component (AddParameter): Name = "Mouser Part Number"; Value = "652-CR2512AJW-103ELF"; VariantName = "[No Variations]"
Add component (AddParameter): Name = "Mouser Price/Stock"; Value = "https://www.mouser.co.uk/ProductDetail/Bourns/CR2512AJW-103ELF?qs=GedFDFLaBXEqggePGBQmuQ%3D%3D"; VariantName = "[No Variations]"
Add component: Footprint Not Found RESC0603X26N
Added Component: Designator=R?(RESC3116X65N)
Add component (AddParameter): Name = "Arrow Part Number"; Value = ""; VariantName = "[No Variations]"
Add component (AddParameter): Name = "Arrow Price/Stock"; Value = ""; VariantName = "[No Variations]"
Add component (AddParameter): Name = "Datasheet Link"; Value = "https://www.mouser.be/datasheet/2/54/chp-a-1858677.pdf"; VariantName = "[No Variations]"
Add component (AddParameter): Name = "Height"; Value = "0.65mm"; VariantName = "[No Variations]"
Add component (AddParameter): Name = "Manufacturer_Name"; Value = "Bourns"; VariantName = "[No Variations]"
Add component (AddParameter): Name = "Manufacturer_Part_Number"; Value = "CHP1206AFX-4701ELF"; VariantName = "[No Variations]"
Add component (AddParameter): Name = "Mouser Part Number"; Value = "652-CHP1206AFX-4701L"; VariantName = "[No Variations]"
Add component (AddParameter): Name = "Mouser Price/Stock"; Value = "https://www.mouser.co.uk/ProductDetail/Bourns/CHP1206AFX-4701ELF?qs=GedFDFLaBXHtzjpWW2eupA%3D%3D"; VariantName = "[No Variations]"
Added Component: Designator=R?(RESC3116X65N)
Add component (AddParameter): Name = "Arrow Part Number"; Value = ""; VariantName = "[No Variations]"
Add component (AddParameter): Name = "Arrow Price/Stock"; Value = ""; VariantName = "[No Variations]"
Add component (AddParameter): Name = "Datasheet Link"; Value = "https://www.mouser.be/datasheet/2/54/chp-a-1858677.pdf"; VariantName = "[No Variations]"
Add component (AddParameter): Name = "Height"; Value = "0.65mm"; VariantName = "[No Variations]"
Add component (AddParameter): Name = "Manufacturer_Name"; Value = "Bourns"; VariantName = "[No Variations]"
Add component (AddParameter): Name = "Manufacturer_Part_Number"; Value = "CHP1206AFX-4701ELF"; VariantName = "[No Variations]"
Add component (AddParameter): Name = "Mouser Part Number"; Value = "652-CHP1206AFX-4701L"; VariantName = "[No Variations]"
Add component (AddParameter): Name = "Mouser Price/Stock"; Value = "https://www.mouser.co.uk/ProductDetail/Bourns/CHP1206AFX-4701ELF?qs=GedFDFLaBXHtzjpWW2eupA%3D%3D"; VariantName = "[No Variations]"
Added Component: Designator=R?(RESC6332X70N)
Add component (AddParameter): Name = "Arrow Part Number"; Value = ""; VariantName = "[No Variations]"
Add component (AddParameter): Name = "Arrow Price/Stock"; Value = ""; VariantName = "[No Variations]"
Add component (AddParameter): Name = "Datasheet Link"; Value = "https://www.bourns.com/docs/product-datasheets/crxxxxa.pdf"; VariantName = "[No Variations]"
Add component (AddParameter): Name = "Height"; Value = "0.7mm"; VariantName = "[No Variations]"
Add component (AddParameter): Name = "Manufacturer_Name"; Value = "Bourns"; VariantName = "[No Variations]"
Add component (AddParameter): Name = "Manufacturer_Part_Number"; Value = "CR2512AJW-103ELF"; VariantName = "[No Variations]"
Add component (AddParameter): Name = "Mouser Part Number"; Value = "652-CR2512AJW-103ELF"; VariantName = "[No Variations]"
Add component (AddParameter): Name = "Mouser Price/Stock"; Value = "https://www.mouser.co.uk/ProductDetail/Bourns/CR2512AJW-103ELF?qs=GedFDFLaBXEqggePGBQmuQ%3D%3D"; VariantName = "[No Variations]"
Added Component: Designator=R?(RESC6332X70N)
Add component (AddParameter): Name = "Arrow Part Number"; Value = ""; VariantName = "[No Variations]"
Add component (AddParameter): Name = "Arrow Price/Stock"; Value = ""; VariantName = "[No Variations]"
Add component (AddParameter): Name = "Datasheet Link"; Value = "https://www.bourns.com/docs/product-datasheets/crxxxxa.pdf"; VariantName = "[No Variations]"
Add component (AddParameter): Name = "Height"; Value = "0.7mm"; VariantName = "[No Variations]"
Add component (AddParameter): Name = "Manufacturer_Name"; Value = "Bourns"; VariantName = "[No Variations]"
Add component (AddParameter): Name = "Manufacturer_Part_Number"; Value = "CR2512AJW-103ELF"; VariantName = "[No Variations]"
Add component (AddParameter): Name = "Mouser Part Number"; Value = "652-CR2512AJW-103ELF"; VariantName = "[No Variations]"
Add component (AddParameter): Name = "Mouser Price/Stock"; Value = "https://www.mouser.co.uk/ProductDetail/Bourns/CR2512AJW-103ELF?qs=GedFDFLaBXEqggePGBQmuQ%3D%3D"; VariantName = "[No Variations]"
Add component: Footprint Not Found Solderbridge
Add component: Footprint Not Found Solderbridge
Add component: Footprint Not Found Switch-PB-6.2x6.3mm-SMD
Add Pin To Net: Unknown Pin: Pin C?-1
Add Pin To Net: Unknown Pin: Pin C?-1
Add Pin To Net: Unknown Pin: Pin C?-2
Add Pin To Net: Unknown Pin: Pin FB?-2
Add Pin To Net: Unknown Pin: Pin FB?-2
Added Pin To Net: NetName=GND Pin=J?-1
Added Pin To Net: NetName=GND Pin=J?-1
Added Pin To Net: NetName=GND Pin=J?-2
Added Pin To Net: NetName=GND Pin=J?-2
Added Pin To Net: NetName=GND Pin=J?-2
Added Pin To Net: NetName=GND Pin=J?-2
Added Pin To Net: NetName=VBAT1 Pin=J?-2
Added Pin To Net: NetName=VBAT1 Pin=J?-2
Added Pin To Net: NetName=VDD Pin=P1-1
Added Pin To Net: NetName=GND Pin=R?-2
Added Pin To Net: NetName=VDD Pin=R?-2
Added Pin To Net: NetName=VDD Pin=R?-2
Added Pin To Net: NetName=VDD Pin=R?-2
Added Pin To Net: NetName=VDD Pin=R?-2
Added Pin To Net: NetName=VDD Pin=R?-2
Add Pin To Net: Unknown Pin: Pin SB1-1
Add Pin To Net: Unknown Pin: Pin SW2-1
Add Pin To Net: Unknown Pin: Pin SW2-2
Added Pin To Net: NetName=RESET Pin=U1-E11
Added Pin To Net: NetName=GND Pin=U?-7
Added Pin To Net: NetName=VDD Pin=U?-8
Added Pin To Net: NetName=D_N Pin=J?-2
Added Pin To Net: NetName=D_N Pin=U1-A5
Added Net: Name=D_N
Added Pin To Net: NetName=D_P Pin=J?-3
Added Pin To Net: NetName=D_P Pin=U1-A4
Added Net: Name=D_P
Added Pin To Net: NetName=NetC?_1 Pin=J?-1
Added Net: Name=NetC?_1
Added Pin To Net: NetName=NetC?_2 Pin=J?-6
Added Pin To Net: NetName=NetC?_2 Pin=R?-1
Added Net: Name=NetC?_2
Added Pin To Net: NetName=NetFB?_1 Pin=J?-5
Added Net: Name=NetFB?_1
Added Pin To Net: NetName=NetJ?_1 Pin=J?-1
Added Pin To Net: NetName=NetJ?_1 Pin=J?-1
Added Pin To Net: NetName=NetJ?_1 Pin=R?-1
Added Pin To Net: NetName=NetJ?_1 Pin=U1-E6
Added Net: Name=NetJ?_1
Add Net: Net with name "NetJ?_1" already exists
Added Pin To Net: NetName=NetR?_1 Pin=R?-1
Added Net: Name=NetR?_1
Added Pin To Net: NetName=NetSB?_1 Pin=U1-C8
Added Net: Name=NetSB?_1
Added Pin To Net: NetName=SCL Pin=R?-1
Added Pin To Net: NetName=SCL Pin=U1-A3
Added Net: Name=SCL
Added Pin To Net: NetName=SDA Pin=R?-1
Added Pin To Net: NetName=SDA Pin=U1-B10
Added Net: Name=SDA
Added Pin To Net: NetName=TDO Pin=P1-6
Added Net: Name=TDO
Added Net: Name=VBUS
Added Differential Pair: Name=D
Add Class Member: Failed to add class member : Component C? 100nF
Add Class Member: Failed to add class member : Component C? 10nF
Add Class Member: Failed to add class member : Component C? 100nF
Add Class Member: Failed to add class member : Component FB? 120R/0.55A
Add Class Member: Failed to add class member : Component FB? 120R/0.55A
Add Class Member: Failed to add class member : Component FB? 120R/0.55A
Added Member To Class: ClassName=ECE8873_sample Member=Component J? 691415520002
Added Member To Class: ClassName=ECE8873_sample Member=Component J? 691415520002
Added Member To Class: ClassName=ECE8873_sample Member=Component J? 10104110-0001LF
Added Member To Class: ClassName=ECE8873_sample Member=Component J? 691415520002
Added Member To Class: ClassName=ECE8873_sample Member=Component R? CR2512AJW-103ELF
Added Member To Class: ClassName=ECE8873_sample Member=Component R? CR0201-FW-1003GLF
Added Member To Class: ClassName=ECE8873_sample Member=Component R? CHP1206AFX-4701ELF
Added Member To Class: ClassName=ECE8873_sample Member=Component R? CHP1206AFX-4701ELF
Added Member To Class: ClassName=ECE8873_sample Member=Component R? CR2512AJW-103ELF
Added Member To Class: ClassName=ECE8873_sample Member=Component R? CR2512AJW-103ELF
Add Class Member: Failed to add class member : Component SB1 Solderbridge
Add Class Member: Failed to add class member : Component SB? Solderbridge
Add Class Member: Failed to add class member : Component SW2 PB SW
Added Member To Class: ClassName=ECE8873_sample Member=Component U1 ISP2053_Pinout_New
Added Member To Class: ClassName=ECE8873_sample Member=Component U? BMI270
