Change Component Footprint: Designator=R1 Old Footprint=RESC3116X65N New Footprint=RESC1608X55N
Change Component Footprint: Designator=R2 Old Footprint=RESC3116X65N New Footprint=RESC1608X55N
Change Component Footprint: Designator=R4 Old Footprint=RESC6332X70N New Footprint=RESC1608X50N
Change Component Footprint: Designator=R6 Old Footprint=RESC6332X70N New Footprint=RESC1608X50N
Change Component Footprint: Designator=R5 Old Footprint=RESC6332X70N New Footprint=RESC1608X55X25ML10T15
Change Component Comment : Designator=R5 Old Comment=CRCW060310K0FKEI New Comment=Resistor 10k +/-1% 0603 100 mW
Change Managed Component Library Link : Designator=R5 Old VaultGUID= New VaultGUID=DFB16FC4-D745-4543-AC9B-F1307EC3457F Old ItemGUID= New ItemGUID=2F5FF649-2D6F-43B8-A5FE-8EA6895D4F77 Old RevisionGUID= New RevisionGUID=4D8CD45F-3090-47A4-A3D0-F1C3E0AF83A3
Change component parameters: Designator = "R5" ("R5"); Footprint = "RESC6332X70N"; UniqueID = "\OAUPGKUV" ("\OAUPGKUV")
Change component parameters (AddParameter): Name = "Case/Package"; Value = "0603"; VariantName = "[No Variations]"
Change component parameters (AddParameter): Name = "Max Operating Temperature"; Value = "155°C"; VariantName = "[No Variations]"
Change component parameters (AddParameter): Name = "Min Operating Temperature"; Value = "-55°C"; VariantName = "[No Variations]"
Change component parameters (AddParameter): Name = "Mounting Technology"; Value = "SM"; VariantName = "[No Variations]"
Change component parameters (AddParameter): Name = "Pins"; Value = "2"; VariantName = "[No Variations]"
Change component parameters (AddParameter): Name = "Power"; Value = "100mW"; VariantName = "[No Variations]"
Change component parameters (AddParameter): Name = "RoHS Compliant"; Value = "True"; VariantName = "[No Variations]"
Change component parameters (AddParameter): Name = "Tolerance"; Value = "1%"; VariantName = "[No Variations]"
Change component parameters (AddParameter): Name = "Value"; Value = "10k"; VariantName = "[No Variations]"
Change component parameters (AddParameter): Name = "Voltage Rating"; Value = "50V"; VariantName = "[No Variations]"
Add component: Footprint Not Found CAPC0603X03L_C
Add component: Footprint Not Found CAPC0603X03L_C
Add component: Footprint Not Found CAPC0603X03L_C
Add component: Footprint Not Found INDC1005X04L
Add component: Footprint Not Found INDC1005X04L
Add component: Footprint Not Found INDC1005X04L
Added Component: Designator=R3(RESC0603X26N)
Add component (AddParameter): Name = "Arrow Part Number"; Value = "CR0201-FW-1003GLF"; VariantName = "[No Variations]"
Add component (AddParameter): Name = "Arrow Price/Stock"; Value = "https://www.arrow.com/en/products/cr0201-fw-1003glf/bourns"; VariantName = "[No Variations]"
Add component (AddParameter): Name = "Datasheet Link"; Value = "https://www.bourns.com/pdfs/chpreztr.pdf"; VariantName = "[No Variations]"
Add component (AddParameter): Name = "Height"; Value = "0.26mm"; VariantName = "[No Variations]"
Add component (AddParameter): Name = "Manufacturer_Name"; Value = "Bourns"; VariantName = "[No Variations]"
Add component (AddParameter): Name = "Manufacturer_Part_Number"; Value = "CR0201-FW-1003GLF"; VariantName = "[No Variations]"
Add component (AddParameter): Name = "Mouser Part Number"; Value = "652-CR0201FW-1003GLF"; VariantName = "[No Variations]"
Add component (AddParameter): Name = "Mouser Price/Stock"; Value = "https://www.mouser.co.uk/ProductDetail/Bourns/CR0201-FW-1003GLF?qs=fRA9XbjP%252BghcaQI2OOFvWg%3D%3D"; VariantName = "[No Variations]"
Add component: Footprint Not Found Solderbridge
Add component: Footprint Not Found Solderbridge
Add component: Footprint Not Found Switch-PB-6.2x6.3mm-SMD
Add Pin To Net: Unknown Pin: Pin C1-1
Add Pin To Net: Unknown Pin: Pin C1-2
Add Pin To Net: Unknown Pin: Pin C2-1
Add Pin To Net: Unknown Pin: Pin C2-2
Add Pin To Net: Unknown Pin: Pin C3-1
Add Pin To Net: Unknown Pin: Pin C3-2
Add Pin To Net: Unknown Pin: Pin FB1-1
Add Pin To Net: Unknown Pin: Pin FB1-2
Add Pin To Net: Unknown Pin: Pin FB2-1
Add Pin To Net: Unknown Pin: Pin FB2-2
Add Pin To Net: Unknown Pin: Pin FB3-1
Add Pin To Net: Unknown Pin: Pin FB3-2
Added Pin To Net: NetName=NetR3_1 Pin=R3-1
Added Pin To Net: NetName=VDD Pin=R3-2
Add Pin To Net: Unknown Pin: Pin SB1-1
Add Pin To Net: Unknown Pin: Pin SB1-2
Add Pin To Net: Unknown Pin: Pin SB2-1
Add Pin To Net: Unknown Pin: Pin SB2-2
Add Pin To Net: Unknown Pin: Pin SW2-1
Add Pin To Net: Unknown Pin: Pin SW2-2
Add Class Member: Failed to add class member : Component C1 10nF
Add Class Member: Failed to add class member : Component C2 100nF
Add Class Member: Failed to add class member : Component C3 100nF
Add Class Member: Failed to add class member : Component FB1 120R/0.55A
Add Class Member: Failed to add class member : Component FB2 120R/0.55A
Add Class Member: Failed to add class member : Component FB3 120R/0.55A
Added Member To Class: ClassName=ECE8873_sample Member=Component R3 CR0201-FW-1003GLF
Add Class Member: Failed to add class member : Component SB1 Solderbridge
Add Class Member: Failed to add class member : Component SB2 Solderbridge
Add Class Member: Failed to add class member : Component SW2 PB SW
