Removed Pin From Net: NetName=VDD Pin=R3-2
Removed Member From Class: ClassName=ECE8873_sample Member=R3
Change Component Footprint: Designator=R4 Old Footprint=RESC1608X50N New Footprint=FP-AC0603-IPC_A
Change Component Footprint: Designator=R6 Old Footprint=RESC1608X50N New Footprint=FP-AC0603-IPC_A
Change Component Comment : Designator=R4 Old Comment=CRCW060310K0FKEI New Comment=AC0603JR-7W10KL
Change Component Comment : Designator=R6 Old Comment=CRCW060310K0FKEI New Comment=AC0603JR-7W10KL
Change Managed Component Library Link : Designator=R4 Old VaultGUID= New VaultGUID=B7D15EC3-160A-466F-A46C-7801FE6295A7 Old ItemGUID= New ItemGUID=8FC56757-B880-4324-B016-FCCE0F34A47B Old RevisionGUID= New RevisionGUID=8C173067-2842-4FDD-90FA-5D19C8D9300C
Change Managed Component Library Link : Designator=R6 Old VaultGUID= New VaultGUID=B7D15EC3-160A-466F-A46C-7801FE6295A7 Old ItemGUID= New ItemGUID=8FC56757-B880-4324-B016-FCCE0F34A47B Old RevisionGUID= New RevisionGUID=8C173067-2842-4FDD-90FA-5D19C8D9300C
Change component parameters: Designator = "R4" ("R4"); Footprint = "RESC1608X50N"; UniqueID = "\PFMEEWUM" ("\PFMEEWUM")
Change component parameters: Designator = "R6" ("R6"); Footprint = "RESC1608X50N"; UniqueID = "\NDWEADJM" ("\NDWEADJM")
Added Component: Designator=3R(FP-CRGP0603-IPC_C)
Add component (AddParameter): Name = "Ambient Temperature Range High"; Value = "+70°C"; VariantName = "[No Variations]"
Add component (AddParameter): Name = "Automotive"; Value = "No"; VariantName = "[No Variations]"
Add component (AddParameter): Name = "Category"; Value = "Res"; VariantName = "[No Variations]"
Add component (AddParameter): Name = "ComponentLink2Description"; Value = "Datasheet"; VariantName = "[No Variations]"
Add component (AddParameter): Name = "ComponentLink2URL"; Value = "https://www.te.com/commerce/DocumentDelivery/DDEController?Action=srchrtrv&DocNm=9-1773463-9&DocType=DS&DocLang=English"; VariantName = "[No Variations]"
Add component (AddParameter): Name = "Composition"; Value = "Thick Film"; VariantName = "[No Variations]"
Add component (AddParameter): Name = "Device Class L1"; Value = "Passive Components"; VariantName = "[No Variations]"
Add component (AddParameter): Name = "Device Class L2"; Value = "Resistors"; VariantName = "[No Variations]"
Add component (AddParameter): Name = "Device Class L3"; Value = "Chip SMD Resistors"; VariantName = "[No Variations]"
Add component (AddParameter): Name = "Digikey Description"; Value = "CRGP 0603 100K 1%"; VariantName = "[No Variations]"
Add component (AddParameter): Name = "Height"; Value = "0.55mm"; VariantName = "[No Variations]"
Add component (AddParameter): Name = "Ipc Land Pattern Name"; Value = "RESC16080X45"; VariantName = "[No Variations]"
Add component (AddParameter): Name = "Lead Free"; Value = "Yes"; VariantName = "[No Variations]"
Add component (AddParameter): Name = "Manufacturer"; Value = "TE"; VariantName = "[No Variations]"
Add component (AddParameter): Name = "Manufacturer Part Number"; Value = "CRGP0603F100K"; VariantName = "[No Variations]"
Add component (AddParameter): Name = "Octopart"; Value = "https://octopart.com/crgp0603f100k-te+connectivity-91018719"; VariantName = "[No Variations]"
Add component (AddParameter): Name = "Package"; Value = "CRGP0603"; VariantName = "[No Variations]"
Add component (AddParameter): Name = "Power Rating"; Value = "0.25W"; VariantName = "[No Variations]"
Add component (AddParameter): Name = "Resistance"; Value = "100KO"; VariantName = "[No Variations]"
Add component (AddParameter): Name = "RoHS"; Value = "TRUE"; VariantName = "[No Variations]"
Add component (AddParameter): Name = "Series"; Value = "CRGP"; VariantName = "[No Variations]"
Add component (AddParameter): Name = "Temperature"; Value = "-55°C to +155°C"; VariantName = "[No Variations]"
Add component (AddParameter): Name = "Temperature Coefficient"; Value = "±100ppm/°C"; VariantName = "[No Variations]"
Add component (AddParameter): Name = "Temperature Range High"; Value = "+155°C"; VariantName = "[No Variations]"
Add component (AddParameter): Name = "Temperature Range Low"; Value = "-55°C"; VariantName = "[No Variations]"
Add component (AddParameter): Name = "Tolerance"; Value = "0.01"; VariantName = "[No Variations]"
Add component (AddParameter): Name = "Value"; Value = "100KO"; VariantName = "[No Variations]"
Add component (AddParameter): Name = "Voltage Rating"; Value = "50V"; VariantName = "[No Variations]"
Add component: Footprint Not Found CAPC0603X03L_C
Add component: Footprint Not Found CAPC0603X03L_C
Add component: Footprint Not Found CAPC0603X03L_C
Add component: Footprint Not Found INDC1005X04L
Add component: Footprint Not Found INDC1005X04L
Add component: Footprint Not Found INDC1005X04L
Add component: Footprint Not Found Solderbridge
Add component: Footprint Not Found Solderbridge
Add component: Footprint Not Found Switch-PB-6.2x6.3mm-SMD
Added Pin To Net: NetName=VDD Pin=3R-2
Add Pin To Net: Unknown Pin: Pin C1-1
Add Pin To Net: Unknown Pin: Pin C1-2
Add Pin To Net: Unknown Pin: Pin C2-1
Add Pin To Net: Unknown Pin: Pin C2-2
Add Pin To Net: Unknown Pin: Pin C3-1
Add Pin To Net: Unknown Pin: Pin C3-2
Add Pin To Net: Unknown Pin: Pin FB1-1
Add Pin To Net: Unknown Pin: Pin FB1-2
Add Pin To Net: Unknown Pin: Pin FB2-1
Add Pin To Net: Unknown Pin: Pin FB2-2
Add Pin To Net: Unknown Pin: Pin FB3-1
Add Pin To Net: Unknown Pin: Pin FB3-2
Add Pin To Net: Unknown Pin: Pin SB1-1
Add Pin To Net: Unknown Pin: Pin SB2-1
Add Pin To Net: Unknown Pin: Pin SB2-2
Add Pin To Net: Unknown Pin: Pin SW2-1
Add Pin To Net: Unknown Pin: Pin SW2-2
Added Pin To Net: NetName=Net3R_1 Pin=3R-1
Added Net: Name=Net3R_1
Added Member To Class: ClassName=ECE8873_sample Member=Component 3R CRGP0603F100K
Add Class Member: Failed to add class member : Component C1 10nF
Add Class Member: Failed to add class member : Component C2 100nF
Add Class Member: Failed to add class member : Component C3 100nF
Add Class Member: Failed to add class member : Component FB1 120R/0.55A
Add Class Member: Failed to add class member : Component FB2 120R/0.55A
Add Class Member: Failed to add class member : Component FB3 120R/0.55A
Add Class Member: Failed to add class member : Component SB1 Solderbridge
Add Class Member: Failed to add class member : Component SB2 Solderbridge
Add Class Member: Failed to add class member : Component SW2 PB SW
