Removed Pin From Net: NetName=GND Pin=J2-2
Removed Pin From Net: NetName=GND Pin=J3-2
Removed Member From Class: ClassName=ECE8873_sample Member=J3
Change Component Footprint: Designator=J2 Old Footprint=FP-502585-0270-MFG New Footprint=FP-502585-0670-MFG
Change Component Comment : Designator=J2 Old Comment=502585-0270 New Comment=502585-0670
Change Managed Component Library Link : Designator=J2 Old VaultGUID=B7D15EC3-160A-466F-A46C-7801FE6295A7 New VaultGUID=B7D15EC3-160A-466F-A46C-7801FE6295A7 Old ItemGUID=F75B477F-59C9-41D5-8479-60EE992AF3A3 New ItemGUID=C477590B-5D50-47A8-A1DC-FD530176BF41 Old RevisionGUID=70BC0F01-980E-41B1-B5CA-5D8AA1279CA3 New RevisionGUID=70036393-6F13-4BD4-8384-C1E88C7229C4
Change component parameters: Designator = "J2" ("J2"); Footprint = "FP-502585-0270-MFG"; UniqueID = "\VMMYOOYU" ("\VMMYOOYU")
Change component parameters (AddParameter): Name = "Case/Package"; Value = "SIL"; VariantName = "[No Variations]"
Change component parameters (AddParameter): Name = "Color"; Value = "Beige"; VariantName = "[No Variations]"
Change component parameters (AddParameter): Name = "Connector Type"; Value = "Receptacle"; VariantName = "[No Variations]"
Change component parameters (AddParameter): Name = "Contact Finish - Mating"; Value = "TIN"; VariantName = "[No Variations]"
Change component parameters (AddParameter): Name = "Contact Gender"; Value = "Female"; VariantName = "[No Variations]"
Change component parameters (AddParameter): Name = "Contact Material"; Value = "Copper Alloy"; VariantName = "[No Variations]"
Change component parameters (AddParameter): Name = "Contact Plating"; Value = "Tin"; VariantName = "[No Variations]"
Change component parameters (AddParameter): Name = "Contact Resistance"; Value = "20mR"; VariantName = "[No Variations]"
Change component parameters (AddParameter): Name = "Contact Type"; Value = "Center Strip Contact"; VariantName = "[No Variations]"
Change component parameters (AddParameter): Name = "Current Rating"; Value = "2A"; VariantName = "[No Variations]"
Change component parameters (AddParameter): Name = "Depth"; Value = "7.3mm"; VariantName = "[No Variations]"
Change component parameters (AddParameter): Name = "Fastening Type"; Value = "Latch"; VariantName = "[No Variations]"
Change component parameters (AddParameter): Name = "Flammability Rating"; Value = "UL94 V-0"; VariantName = "[No Variations]"
Change component parameters (AddParameter): Name = "Gender"; Value = "Receptacle"; VariantName = "[No Variations]"
Change component parameters (AddParameter): Name = "Glow Wire Compliant"; Value = "Non-compliant"; VariantName = "[No Variations]"
Change component parameters (AddParameter): Name = "Housing Color"; Value = "Beige"; VariantName = "[No Variations]"
Change component parameters (AddParameter): Name = "Housing Material"; Value = "Resin"; VariantName = "[No Variations]"
Change component parameters (AddParameter): Name = "Insulation Color"; Value = "Beige"; VariantName = "[No Variations]"
Change component parameters (AddParameter): Name = "Insulation Material"; Value = "Resin"; VariantName = "[No Variations]"
Change component parameters (AddParameter): Name = "Length"; Value = "13.3mm"; VariantName = "[No Variations]"
Change component parameters (AddParameter): Name = "Max Operating Temperature"; Value = "85°C"; VariantName = "[No Variations]"
Change component parameters (AddParameter): Name = "Min Operating Temperature"; Value = "-40°C"; VariantName = "[No Variations]"
Change component parameters (AddParameter): Name = "Mount"; Value = "Surface Mount"; VariantName = "[No Variations]"
Change component parameters (AddParameter): Name = "Number of Circuits"; Value = "6"; VariantName = "[No Variations]"
Change component parameters (AddParameter): Name = "Number of Contacts"; Value = "6"; VariantName = "[No Variations]"
Change component parameters (AddParameter): Name = "Number of Positions"; Value = "6"; VariantName = "[No Variations]"
Change component parameters (AddParameter): Name = "Number of Rows"; Value = "1"; VariantName = "[No Variations]"
Change component parameters (AddParameter): Name = "Orientation"; Value = "Right Angle"; VariantName = "[No Variations]"
Change component parameters (AddParameter): Name = "Package Quantity"; Value = "1000"; VariantName = "[No Variations]"
Change component parameters (AddParameter): Name = "Packaging"; Value = "Tape and Reel"; VariantName = "[No Variations]"
Change component parameters (AddParameter): Name = "Pitch"; Value = "1.5mm"; VariantName = "[No Variations]"
Change component parameters (AddParameter): Name = "Radiation Hardening"; Value = "No"; VariantName = "[No Variations]"
Change component parameters (AddParameter): Name = "Series"; Value = "CLIK-Mate™ 502585"; VariantName = "[No Variations]"
Change component parameters (AddParameter): Name = "Termination"; Value = "Solder"; VariantName = "[No Variations]"
Change component parameters (AddParameter): Name = "Voltage Rating"; Value = "100V"; VariantName = "[No Variations]"
Added Component: Designator=C7(CAPC0402(1005)60_L)
Add component (AddParameter): Name = "Case-EIA"; Value = "0402"; VariantName = "[No Variations]"
Add component (AddParameter): Name = "Case-Metric"; Value = "1005"; VariantName = "[No Variations]"
Add component (AddParameter): Name = "Max Thickness"; Value = "0.6 mm"; VariantName = "[No Variations]"
Add component (AddParameter): Name = "Rated Voltage"; Value = "25 V"; VariantName = "[No Variations]"
Add component (AddParameter): Name = "Technology"; Value = "SMT"; VariantName = "[No Variations]"
Add component (AddParameter): Name = "Tolerance"; Value = "Â±20%"; VariantName = "[No Variations]"
Add component (AddParameter): Name = "Value"; Value = "100nF"; VariantName = "[No Variations]"
Added Component: Designator=C?(CAPC0402(1005)60_L)
Add component (AddParameter): Name = "Case-EIA"; Value = "0402"; VariantName = "[No Variations]"
Add component (AddParameter): Name = "Case-Metric"; Value = "1005"; VariantName = "[No Variations]"
Add component (AddParameter): Name = "Max Thickness"; Value = "0.6 mm"; VariantName = "[No Variations]"
Add component (AddParameter): Name = "Rated Voltage"; Value = "25 V"; VariantName = "[No Variations]"
Add component (AddParameter): Name = "Technology"; Value = "SMT"; VariantName = "[No Variations]"
Add component (AddParameter): Name = "Tolerance"; Value = "Â±20%"; VariantName = "[No Variations]"
Add component (AddParameter): Name = "Value"; Value = "100nF"; VariantName = "[No Variations]"
Added Component: Designator=J1(FP-502585-0670-MFG)
Add component (AddParameter): Name = "Case/Package"; Value = "SIL"; VariantName = "[No Variations]"
Add component (AddParameter): Name = "Color"; Value = "Beige"; VariantName = "[No Variations]"
Add component (AddParameter): Name = "Connector Type"; Value = "Receptacle"; VariantName = "[No Variations]"
Add component (AddParameter): Name = "Contact Finish - Mating"; Value = "TIN"; VariantName = "[No Variations]"
Add component (AddParameter): Name = "Contact Gender"; Value = "Female"; VariantName = "[No Variations]"
Add component (AddParameter): Name = "Contact Material"; Value = "Copper Alloy"; VariantName = "[No Variations]"
Add component (AddParameter): Name = "Contact Plating"; Value = "Tin"; VariantName = "[No Variations]"
Add component (AddParameter): Name = "Contact Resistance"; Value = "20mR"; VariantName = "[No Variations]"
Add component (AddParameter): Name = "Contact Type"; Value = "Center Strip Contact"; VariantName = "[No Variations]"
Add component (AddParameter): Name = "Current Rating"; Value = "2A"; VariantName = "[No Variations]"
Add component (AddParameter): Name = "Depth"; Value = "7.3mm"; VariantName = "[No Variations]"
Add component (AddParameter): Name = "Fastening Type"; Value = "Latch"; VariantName = "[No Variations]"
Add component (AddParameter): Name = "Flammability Rating"; Value = "UL94 V-0"; VariantName = "[No Variations]"
Add component (AddParameter): Name = "Gender"; Value = "Receptacle"; VariantName = "[No Variations]"
Add component (AddParameter): Name = "Glow Wire Compliant"; Value = "Non-compliant"; VariantName = "[No Variations]"
Add component (AddParameter): Name = "Housing Color"; Value = "Beige"; VariantName = "[No Variations]"
Add component (AddParameter): Name = "Housing Material"; Value = "Resin"; VariantName = "[No Variations]"
Add component (AddParameter): Name = "Insulation Color"; Value = "Beige"; VariantName = "[No Variations]"
Add component (AddParameter): Name = "Insulation Material"; Value = "Resin"; VariantName = "[No Variations]"
Add component (AddParameter): Name = "Length"; Value = "13.3mm"; VariantName = "[No Variations]"
Add component (AddParameter): Name = "Max Operating Temperature"; Value = "85°C"; VariantName = "[No Variations]"
Add component (AddParameter): Name = "Min Operating Temperature"; Value = "-40°C"; VariantName = "[No Variations]"
Add component (AddParameter): Name = "Mount"; Value = "Surface Mount"; VariantName = "[No Variations]"
Add component (AddParameter): Name = "Number of Circuits"; Value = "6"; VariantName = "[No Variations]"
Add component (AddParameter): Name = "Number of Contacts"; Value = "6"; VariantName = "[No Variations]"
Add component (AddParameter): Name = "Number of Positions"; Value = "6"; VariantName = "[No Variations]"
Add component (AddParameter): Name = "Number of Rows"; Value = "1"; VariantName = "[No Variations]"
Add component (AddParameter): Name = "Orientation"; Value = "Right Angle"; VariantName = "[No Variations]"
Add component (AddParameter): Name = "Package Quantity"; Value = "1000"; VariantName = "[No Variations]"
Add component (AddParameter): Name = "Packaging"; Value = "Tape and Reel"; VariantName = "[No Variations]"
Add component (AddParameter): Name = "Pitch"; Value = "1.5mm"; VariantName = "[No Variations]"
Add component (AddParameter): Name = "Radiation Hardening"; Value = "No"; VariantName = "[No Variations]"
Add component (AddParameter): Name = "Series"; Value = "CLIK-Mate™ 502585"; VariantName = "[No Variations]"
Add component (AddParameter): Name = "Termination"; Value = "Solder"; VariantName = "[No Variations]"
Add component (AddParameter): Name = "Voltage Rating"; Value = "100V"; VariantName = "[No Variations]"
Added Component: Designator=U5(SOP50P490X110-10N)
Add component (AddParameter): Name = "Check_prices"; Value = "https://www.snapeda.com/parts/DRV2605LDGST/Texas+Instruments/view-part/?ref=eda"; VariantName = "[No Variations]"
Add component (AddParameter): Name = "Component Type"; Value = "Standard"; VariantName = "[No Variations]"
Add component (AddParameter): Name = "Design Item ID"; Value = "DRV2605LDGST"; VariantName = "[No Variations]"
Add component (AddParameter): Name = "MF"; Value = "Texas Instruments"; VariantName = "[No Variations]"
Add component (AddParameter): Name = "MP"; Value = "DRV2605LDGST"; VariantName = "[No Variations]"
Add component (AddParameter): Name = "Package"; Value = "VSSOP-10 Texas Instruments"; VariantName = "[No Variations]"
Add component (AddParameter): Name = "Pin Count"; Value = "9"; VariantName = "[No Variations]"
Add component (AddParameter): Name = "SnapEDA_Link"; Value = "https://www.snapeda.com/parts/DRV2605LDGST/Texas+Instruments/view-part/?ref=snap"; VariantName = "[No Variations]"
Add component (AddParameter): Name = "Source"; Value = "DRV2605LDGST.SchLib"; VariantName = "[No Variations]"
Add component (AddParameter): Name = "Value"; Value = ""; VariantName = "[No Variations]"
Added Component: Designator=U6(SOP50P490X110-10N)
Add component (AddParameter): Name = "Check_prices"; Value = "https://www.snapeda.com/parts/DRV2605LDGST/Texas+Instruments/view-part/?ref=eda"; VariantName = "[No Variations]"
Add component (AddParameter): Name = "Component Type"; Value = "Standard"; VariantName = "[No Variations]"
Add component (AddParameter): Name = "Design Item ID"; Value = "DRV2605LDGST"; VariantName = "[No Variations]"
Add component (AddParameter): Name = "MF"; Value = "Texas Instruments"; VariantName = "[No Variations]"
Add component (AddParameter): Name = "MP"; Value = "DRV2605LDGST"; VariantName = "[No Variations]"
Add component (AddParameter): Name = "Package"; Value = "VSSOP-10 Texas Instruments"; VariantName = "[No Variations]"
Add component (AddParameter): Name = "Pin Count"; Value = "9"; VariantName = "[No Variations]"
Add component (AddParameter): Name = "SnapEDA_Link"; Value = "https://www.snapeda.com/parts/DRV2605LDGST/Texas+Instruments/view-part/?ref=snap"; VariantName = "[No Variations]"
Add component (AddParameter): Name = "Source"; Value = "DRV2605LDGST.SchLib"; VariantName = "[No Variations]"
Add component (AddParameter): Name = "Value"; Value = ""; VariantName = "[No Variations]"
Added Pin To Net: NetName=GND Pin=C7-1
Added Pin To Net: NetName=VDD Pin=C7-2
Added Pin To Net: NetName=GND Pin=C?-1
Added Pin To Net: NetName=VDD Pin=C?-2
Added Pin To Net: NetName=GND Pin=J1-1
Added Pin To Net: NetName=GND Pin=J1-3
Added Pin To Net: NetName=OUT1 Pin=J1-4
Added Pin To Net: NetName=GND Pin=J2-1
Added Pin To Net: NetName=GND Pin=J2-3
Added Pin To Net: NetName=OUT2 Pin=J2-4
Added Pin To Net: NetName=SCL Pin=U5-2
Added Pin To Net: NetName=SDA Pin=U5-3
Added Pin To Net: NetName=GND Pin=U5-8
Added Pin To Net: NetName=VDD Pin=U5-10
Added Pin To Net: NetName=SCL Pin=U6-2
Added Pin To Net: NetName=SDA Pin=U6-3
Added Pin To Net: NetName=GND Pin=U6-8
Added Pin To Net: NetName=VDD Pin=U6-10
Added Pin To Net: NetName=HAP_N1 Pin=J1-5
Added Pin To Net: NetName=HAP_N1 Pin=U5-9
Added Net: Name=HAP_N1
Added Pin To Net: NetName=HAP_N2 Pin=J2-5
Added Pin To Net: NetName=HAP_N2 Pin=U6-9
Added Net: Name=HAP_N2
Added Pin To Net: NetName=HAP_P1 Pin=J1-6
Added Pin To Net: NetName=HAP_P1 Pin=U5-7
Added Net: Name=HAP_P1
Added Pin To Net: NetName=HAP_P2 Pin=J2-6
Added Pin To Net: NetName=HAP_P2 Pin=U6-7
Added Net: Name=HAP_P2
Added Pin To Net: NetName=P1.13 Pin=U3-D1
Added Pin To Net: NetName=P1.13 Pin=U5-4
Added Net: Name=P1.13
Added Pin To Net: NetName=P1.14 Pin=U3-E1
Added Pin To Net: NetName=P1.14 Pin=U6-4
Added Net: Name=P1.14
Added Pin To Net: NetName=THERM1 Pin=J1-2
Added Pin To Net: NetName=THERM1 Pin=R4-1
Added Pin To Net: NetName=THERM1 Pin=U3-E6
Added Net: Name=THERM1
Added Pin To Net: NetName=THERM2 Pin=J2-2
Added Pin To Net: NetName=THERM2 Pin=R5-1
Added Pin To Net: NetName=THERM2 Pin=U3-E9
Added Net: Name=THERM2
Add Differential Pair: Number of nets in differential pair HAP_N1 is 1 instead of 2
Add Differential Pair: Number of nets in differential pair HAP_N2 is 1 instead of 2
Add Differential Pair: Number of nets in differential pair HAP_P1 is 1 instead of 2
Add Differential Pair: Number of nets in differential pair HAP_P2 is 1 instead of 2
Added Member To Class: ClassName=ECE8873_sample Member=Component C7 CAP 100nF 25V 0402(1005)
Added Member To Class: ClassName=ECE8873_sample Member=Component C? CAP 100nF 25V 0402(1005)
Added Member To Class: ClassName=ECE8873_sample Member=Component J1 502585-0670
Added Member To Class: ClassName=ECE8873_sample Member=Component U5 DRV2605LDGST
Added Member To Class: ClassName=ECE8873_sample Member=Component U6 DRV2605LDGST
